
=== Mon Jan 20 15:17:27 2020

Packages were changed.
Update Mode: mergeDefaultDependencies

The following packages were updated:
  com.unity.analytics from version 3.2.2 to 3.3.2
  com.unity.collab-proxy from version 1.2.9 to 1.2.16
  com.unity.package-manager-ui from version 2.1.1 to 2.1.2
  com.unity.purchasing from version 2.0.1 to 2.0.6
  com.unity.textmeshpro from version 1.3.0 to 2.0.1
  com.unity.timeline from version 0.0.0-builtin to 1.0.0

=== Tue Jan 21 17:03:06 2020

Packages were changed.
Update Mode: mergeDefaultDependencies

The following packages were added:
  com.unity.cinemachine@2.3.3
  com.unity.google.resonance.audio@1.18.2
  com.unity.polybrush@1.0.0-preview.17
  com.unity.postprocessing@2.1.5
  com.unity.probuilder@4.0.5

=== Mon Jan 18 21:49:07 2021

Packages were changed.
Update Mode: updateDependencies

The following packages were added:
  com.unity.2d.sprite@1.0.0
  com.unity.2d.tilemap@1.0.0
  com.unity.ide.rider@1.1.4
  com.unity.ide.vscode@1.2.3
  com.unity.modules.androidjni@1.0.0
  com.unity.test-framework@1.1.19
  com.unity.ugui@1.0.0
The following packages were updated:
  com.unity.ads from version 2.0.8 to 3.5.2
  com.unity.analytics from version 3.3.2 to 3.3.5
  com.unity.google.resonance.audio from version 1.18.2 to 2.0.0
  com.unity.polybrush from version 1.0.0-preview.17 to 1.0.2
  com.unity.postprocessing from version 2.1.5 to 2.2.2
  com.unity.purchasing from version 2.0.6 to 2.2.1
  com.unity.timeline from version 1.0.0 to 1.2.6
  com.unity.xr.oculus.android from version 1.38.6 to 2.38.4
  com.unity.xr.oculus.standalone from version 1.38.4 to 2.38.4
  com.unity.xr.openvr.standalone from version 1.0.5 to 2.0.5
The following packages were removed:
  com.unity.package-manager-ui@2.1.2
